<?xml version="1.0" encoding="UTF-8"?>
<testng-results ignored="0" total="2" passed="2" failed="0" skipped="0">
  <reporter-output>
  </reporter-output>
  <suite started-at="2023-12-17T16:00:16 IST" name="Suite" finished-at="2023-12-17T16:00:25 IST" duration-ms="8730">
    <groups>
      <group name="smoke1">
        <method signature="launchingAppInVariousPlatformThroughInputFromCommandPrompt.receiveData(java.lang.String)[pri:0, instance:login.launchingAppInVariousPlatformThroughInputFromCommandPrompt@1ed6388a]" name="receiveData" class="login.launchingAppInVariousPlatformThroughInputFromCommandPrompt"/>
        <method signature="launchingAppInVariousPlatformThroughInputFromCommandPrompt.receiveData(java.lang.String)[pri:0, instance:login.launchingAppInVariousPlatformThroughInputFromCommandPrompt@795509d9]" name="receiveData" class="login.launchingAppInVariousPlatformThroughInputFromCommandPrompt"/>
      </group> <!-- smoke1 -->
    </groups>
    <test started-at="2023-12-17T16:00:16 IST" name="FirefoxTest" finished-at="2023-12-17T16:00:22 IST" duration-ms="5502">
      <class name="login.launchingAppInVariousPlatformThroughInputFromCommandPrompt">
        <test-method signature="receiveData(java.lang.String)[pri:0, instance:login.launchingAppInVariousPlatformThroughInputFromCommandPrompt@1ed6388a]" started-at="2023-12-17T16:00:16 IST" name="receiveData" finished-at="2023-12-17T16:00:22 IST" duration-ms="5445" status="PASS">
          <params>
            <param index="0">
              <value>
                <![CDATA[FireFox]]>
              </value>
            </param>
          </params>
          <reporter-output>
          </reporter-output>
        </test-method> <!-- receiveData -->
      </class> <!-- login.launchingAppInVariousPlatformThroughInputFromCommandPrompt -->
    </test> <!-- FirefoxTest -->
    <test started-at="2023-12-17T16:00:22 IST" name="ChromeTest" finished-at="2023-12-17T16:00:25 IST" duration-ms="3184">
      <class name="login.launchingAppInVariousPlatformThroughInputFromCommandPrompt">
        <test-method signature="receiveData(java.lang.String)[pri:0, instance:login.launchingAppInVariousPlatformThroughInputFromCommandPrompt@795509d9]" started-at="2023-12-17T16:00:22 IST" name="receiveData" finished-at="2023-12-17T16:00:25 IST" duration-ms="3182" status="PASS">
          <params>
            <param index="0">
              <value>
                <![CDATA[chrome]]>
              </value>
            </param>
          </params>
          <reporter-output>
          </reporter-output>
        </test-method> <!-- receiveData -->
      </class> <!-- login.launchingAppInVariousPlatformThroughInputFromCommandPrompt -->
    </test> <!-- ChromeTest -->
  </suite> <!-- Suite -->
</testng-results>
