<?xml version="1.0" encoding="UTF-8"?>
<!-- Generated by org.testng.reporters.JUnitXMLReporter -->
<testsuite ignored="0" hostname="TYSS-Lavanya-Sasikumar" failures="0" tests="4" name="Surefire test" time="10.627" errors="0" timestamp="2023-12-17T15:34:31 IST">
  <testcase classname="cart.TestCase_Test" name="demo" time="0.005"/>
  <testcase classname="compaines.AmazonTest" name="launchAmazon" time="3.547"/>
  <testcase classname="compaines.AppleTest" name="launchApple" time="2.083"/>
  <testcase classname="compaines.FlipkartTest" name="launchFlipkart" time="4.918"/>
</testsuite> <!-- Surefire test -->
